<?xml version="1.0" encoding="UTF-8"?>
<!-- Generated by org.testng.reporters.JUnitReportReporter -->
<testsuite hostname="Anthony-Laptop" failures="0" tests="1" name="com.kbCalcAPI.Main.kbCalAPITestMain" time="2.693" errors="0" timestamp="2020-12-01T22:58:56 NZDT" skipped="0">
  <testcase classname="com.kbCalcAPI.Main.kbCalAPITestMain" name="mainTest" time="2.693"/>
  <system-out/>
</testsuite> <!-- com.kbCalcAPI.Main.kbCalAPITestMain -->
